# JRE version: Java(TM) SE Runtime Environment (8.0_72-b15) (build 1.8.0_72-b15)
# Java VM: Java HotSpot(TM) 64-Bit Server VM (25.72-b15 mixed mode linux-amd64 compressed oops)
Heap:
 PSYoungGen      total 14336K, used 8290K [0x000000076cb80000, 0x000000076de00000, 0x00000007c0000000)
  eden space 11264K, 59% used [0x000000076cb80000,0x000000076d20a7c0,0x000000076d680000)
  from space 3072K, 51% used [0x000000076da00000,0x000000076db8e060,0x000000076dd00000)
  to   space 3584K, 0% used [0x000000076d680000,0x000000076d680000,0x000000076da00000)
 ParOldGen       total 11776K, used 5836K [0x00000006c6200000, 0x00000006c6d80000, 0x000000076cb80000)
  object space 11776K, 49% used [0x00000006c6200000,0x00000006c67b3188,0x00000006c6d80000)
 Metaspace       used 11361K, capacity 11550K, committed 11904K, reserved 1060864K
  class space    used 1221K, capacity 1308K, committed 1408K, reserved 1048576K
GC Heap History (10 events):
Event: 1915.580 GC heap before
{Heap before GC invocations=17 (full 1):
 PSYoungGen      total 12288K, used 12172K [0x000000076cb80000, 0x000000076de00000, 0x00000007c0000000)
  eden space 11776K, 100% used [0x000000076cb80000,0x000000076d700000,0x000000076d700000)
  from space 512K, 77% used [0x000000076d700000,0x000000076d763010,0x000000076d780000)
  to   space 3584K, 0% used [0x000000076da80000,0x000000076da80000,0x000000076de00000)
 ParOldGen       total 11776K, used 5836K [0x00000006c6200000, 0x00000006c6d80000, 0x000000076cb80000)
  object space 11776K, 49% used [0x00000006c6200000,0x00000006c67b3188,0x00000006c6d80000)
 Metaspace       used 11344K, capacity 11550K, committed 11904K, reserved 1060864K
  class space    used 1221K, capacity 1308K, committed 1408K, reserved 1048576K
Event: 1915.583 GC heap after
Heap after GC invocations=17 (full 1):
 PSYoungGen      total 15360K, used 396K [0x000000076cb80000, 0x000000076de00000, 0x00000007c0000000)
  eden space 11776K, 0% used [0x000000076cb80000,0x000000076cb80000,0x000000076d700000)
  from space 3584K, 11% used [0x000000076da80000,0x000000076dae3010,0x000000076de00000)
  to   space 3584K, 0% used [0x000000076d700000,0x000000076d700000,0x000000076da80000)
 ParOldGen       total 11776K, used 5836K [0x00000006c6200000, 0x00000006c6d80000, 0x000000076cb80000)
  object space 11776K, 49% used [0x00000006c6200000,0x00000006c67b3188,0x00000006c6d80000)
 Metaspace       used 11344K, capacity 11550K, committed 11904K, reserved 1060864K
  class space    used 1221K, capacity 1308K, committed 1408K, reserved 1048576K
}
Event: 2085.798 GC heap before
{Heap before GC invocations=18 (full 1):
 PSYoungGen      total 15360K, used 12172K [0x000000076cb80000, 0x000000076de00000, 0x00000007c0000000)
  eden space 11776K, 100% used [0x000000076cb80000,0x000000076d700000,0x000000076d700000)
  from space 3584K, 11% used [0x000000076da80000,0x000000076dae3010,0x000000076de00000)
  to   space 3584K, 0% used [0x000000076d700000,0x000000076d700000,0x000000076da80000)
 ParOldGen       total 11776K, used 5836K [0x00000006c6200000, 0x00000006c6d80000, 0x000000076cb80000)
  object space 11776K, 49% used [0x00000006c6200000,0x00000006c67b3188,0x00000006c6d80000)
 Metaspace       used 11344K, capacity 11550K, committed 11904K, reserved 1060864K
  class space    used 1221K, capacity 1308K, committed 1408K, reserved 1048576K
Event: 2085.800 GC heap after
Heap after GC invocations=18 (full 1):
 PSYoungGen      total 15360K, used 524K [0x000000076cb80000, 0x000000076de00000, 0x00000007c0000000)
  eden space 11776K, 0% used [0x000000076cb80000,0x000000076cb80000,0x000000076d700000)
  from space 3584K, 14% used [0x000000076d700000,0x000000076d783010,0x000000076da80000)
  to   space 3584K, 0% used [0x000000076da80000,0x000000076da80000,0x000000076de00000)
 ParOldGen       total 11776K, used 5836K [0x00000006c6200000, 0x00000006c6d80000, 0x000000076cb80000)
  object space 11776K, 49% used [0x00000006c6200000,0x00000006c67b3188,0x00000006c6d80000)
 Metaspace       used 11344K, capacity 11550K, committed 11904K, reserved 1060864K
  class space    used 1221K, capacity 1308K, committed 1408K, reserved 1048576K
}
Event: 2257.380 GC heap before
{Heap before GC invocations=19 (full 1):
 PSYoungGen      total 15360K, used 12300K [0x000000076cb80000, 0x000000076de00000, 0x00000007c0000000)
  eden space 11776K, 100% used [0x000000076cb80000,0x000000076d700000,0x000000076d700000)
  from space 3584K, 14% used [0x000000076d700000,0x000000076d783010,0x000000076da80000)
  to   space 3584K, 0% used [0x000000076da80000,0x000000076da80000,0x000000076de00000)
 ParOldGen       total 11776K, used 5836K [0x00000006c6200000, 0x00000006c6d80000, 0x000000076cb80000)
  object space 11776K, 49% used [0x00000006c6200000,0x00000006c67b3188,0x00000006c6d80000)
 Metaspace       used 11344K, capacity 11550K, committed 11904K, reserved 1060864K
  class space    used 1221K, capacity 1308K, committed 1408K, reserved 1048576K
Event: 2257.381 GC heap after
Heap after GC invocations=19 (full 1):
 PSYoungGen      total 14336K, used 620K [0x000000076cb80000, 0x000000076dd00000, 0x00000007c0000000)
  eden space 11776K, 0% used [0x000000076cb80000,0x000000076cb80000,0x000000076d700000)
  from space 2560K, 24% used [0x000000076da80000,0x000000076db1b010,0x000000076dd00000)
  to   space 3072K, 0% used [0x000000076d700000,0x000000076d700000,0x000000076da00000)
 ParOldGen       total 11776K, used 5836K [0x00000006c6200000, 0x00000006c6d80000, 0x000000076cb80000)
  object space 11776K, 49% used [0x00000006c6200000,0x00000006c67b3188,0x00000006c6d80000)
 Metaspace       used 11344K, capacity 11550K, committed 11904K, reserved 1060864K
  class space    used 1221K, capacity 1308K, committed 1408K, reserved 1048576K
}
Event: 2418.380 GC heap before
{Heap before GC invocations=20 (full 1):
 PSYoungGen      total 14336K, used 12396K [0x000000076cb80000, 0x000000076dd00000, 0x00000007c0000000)
  eden space 11776K, 100% used [0x000000076cb80000,0x000000076d700000,0x000000076d700000)
  from space 2560K, 24% used [0x000000076da80000,0x000000076db1b010,0x000000076dd00000)
  to   space 3072K, 0% used [0x000000076d700000,0x000000076d700000,0x000000076da00000)
 ParOldGen       total 11776K, used 5836K [0x00000006c6200000, 0x00000006c6d80000, 0x000000076cb80000)
  object space 11776K, 49% used [0x00000006c6200000,0x00000006c67b3188,0x00000006c6d80000)
 Metaspace       used 11344K, capacity 11550K, committed 11904K, reserved 1060864K
  class space    used 1221K, capacity 1308K, committed 1408K, reserved 1048576K
Event: 2418.382 GC heap after
Heap after GC invocations=20 (full 1):
 PSYoungGen      total 14848K, used 1528K [0x000000076cb80000, 0x000000076dd00000, 0x00000007c0000000)
  eden space 11776K, 0% used [0x000000076cb80000,0x000000076cb80000,0x000000076d700000)
  from space 3072K, 49% used [0x000000076d700000,0x000000076d87e060,0x000000076da00000)
  to   space 3072K, 0% used [0x000000076da00000,0x000000076da00000,0x000000076dd00000)
 ParOldGen       total 11776K, used 5836K [0x00000006c6200000, 0x00000006c6d80000, 0x000000076cb80000)
  object space 11776K, 49% used [0x00000006c6200000,0x00000006c67b3188,0x00000006c6d80000)
 Metaspace       used 11344K, capacity 11550K, committed 11904K, reserved 1060864K
  class space    used 1221K, capacity 1308K, committed 1408K, reserved 1048576K
}
Event: 2589.187 GC heap before
{Heap before GC invocations=21 (full 1):
 PSYoungGen      total 14848K, used 13304K [0x000000076cb80000, 0x000000076dd00000, 0x00000007c0000000)
  eden space 11776K, 100% used [0x000000076cb80000,0x000000076d700000,0x000000076d700000)
  from space 3072K, 49% used [0x000000076d700000,0x000000076d87e060,0x000000076da00000)
  to   space 3072K, 0% used [0x000000076da00000,0x000000076da00000,0x000000076dd00000)
 ParOldGen       total 11776K, used 5836K [0x00000006c6200000, 0x00000006c6d80000, 0x000000076cb80000)
  object space 11776K, 49% used [0x00000006c6200000,0x00000006c67b3188,0x00000006c6d80000)
 Metaspace       used 11344K, capacity 11550K, committed 11904K, reserved 1060864K
  class space    used 1221K, capacity 1308K, committed 1408K, reserved 1048576K
Event: 2589.188 GC heap after
Heap after GC invocations=21 (full 1):
 PSYoungGen      total 14336K, used 1592K [0x000000076cb80000, 0x000000076de00000, 0x00000007c0000000)
  eden space 11264K, 0% used [0x000000076cb80000,0x000000076cb80000,0x000000076d680000)
  from space 3072K, 51% used [0x000000076da00000,0x000000076db8e060,0x000000076dd00000)
  to   space 3584K, 0% used [0x000000076d680000,0x000000076d680000,0x000000076da00000)
 ParOldGen       total 11776K, used 5836K [0x00000006c6200000, 0x00000006c6d80000, 0x000000076cb80000)
  object space 11776K, 49% used [0x00000006c6200000,0x00000006c67b3188,0x00000006c6d80000)
 Metaspace       used 11344K, capacity 11550K, committed 11904K, reserved 1060864K
  class space    used 1221K, capacity 1308K, committed 1408K, reserved 1048576K
}

